<?xml version="1.0" encoding="UTF-8"?>
<testng-results ignored="0" total="1" passed="1" failed="0" skipped="0">
  <reporter-output>
  </reporter-output>
  <suite started-at="2023-12-24T13:23:24 IST" name="Default suite" finished-at="2023-12-24T13:24:04 IST" duration-ms="39823">
    <groups>
    </groups>
    <test started-at="2023-12-24T13:23:24 IST" name="Default test" finished-at="2023-12-24T13:24:04 IST" duration-ms="39823">
      <class name="smoketest.SwagLabProductPurchase">
        <test-method is-config="true" signature="invokeSwagLab()[pri:0, instance:smoketest.SwagLabProductPurchase@537f60bf]" started-at="2023-12-24T13:23:24 IST" name="invokeSwagLab" finished-at="2023-12-24T13:23:43 IST" duration-ms="18907" status="PASS">
          <reporter-output>
          </reporter-output>
        </test-method> <!-- invokeSwagLab -->
        <test-method signature="productPurchaseFlow()[pri:0, instance:smoketest.SwagLabProductPurchase@537f60bf]" started-at="2023-12-24T13:23:43 IST" name="productPurchaseFlow" finished-at="2023-12-24T13:23:49 IST" duration-ms="6131" status="PASS">
          <reporter-output>
          </reporter-output>
        </test-method> <!-- productPurchaseFlow -->
        <test-method is-config="true" signature="tearDown()[pri:0, instance:smoketest.SwagLabProductPurchase@537f60bf]" started-at="2023-12-24T13:23:49 IST" name="tearDown" finished-at="2023-12-24T13:24:04 IST" duration-ms="14526" status="PASS">
          <reporter-output>
          </reporter-output>
        </test-method> <!-- tearDown -->
      </class> <!-- smoketest.SwagLabProductPurchase -->
    </test> <!-- Default test -->
  </suite> <!-- Default suite -->
</testng-results>
